0 info it worked if it ends with ok
1 verbose cli [ '/usr/local/bin/node',
1 verbose cli   '/usr/local/bin/npm',
1 verbose cli   'run',
1 verbose cli   'start-dev' ]
2 info using npm@3.7.5
3 info using node@v5.7.0
4 verbose stack Error: ENOENT: no such file or directory, open '/Users/seanryankeegan/fourth-project/final-project-frontend/package.json'
4 verbose stack     at Error (native)
5 verbose cwd /Users/seanryankeegan/fourth-project/final-project-frontend
6 error Darwin 15.4.0
7 error argv "/usr/local/bin/node" "/usr/local/bin/npm" "run" "start-dev"
8 error node v5.7.0
9 error npm  v3.7.5
10 error path /Users/seanryankeegan/fourth-project/final-project-frontend/package.json
11 error code ENOENT
12 error errno -2
13 error syscall open
14 error enoent ENOENT: no such file or directory, open '/Users/seanryankeegan/fourth-project/final-project-frontend/package.json'
15 error enoent ENOENT: no such file or directory, open '/Users/seanryankeegan/fourth-project/final-project-frontend/package.json'
15 error enoent This is most likely not a problem with npm itself
15 error enoent and is related to npm not being able to find a file.
16 verbose exit [ -2, true ]
